2019-05-06 14:44:38.837  INFO 7899 --- [main] c.x.d.MavenDockerJenkinsDemoApplication  : Starting MavenDockerJenkinsDemoApplication on localhost with PID 7899 (/Users/TryXD/code/try/maven-docker-jenkins-demo/target/classes started by TryXD in /Users/TryXD/code/try/maven-docker-jenkins-demo)
2019-05-06 14:44:38.840  INFO 7899 --- [main] c.x.d.MavenDockerJenkinsDemoApplication  : No active profile set, falling back to default profiles: default
2019-05-06 14:44:39.702  INFO 7899 --- [main] o.s.b.w.embedded.tomcat.TomcatWebServer  : Tomcat initialized with port(s): 8080 (http)
2019-05-06 14:44:39.723  INFO 7899 --- [main] o.apache.catalina.core.StandardService   : Starting service [Tomcat]
2019-05-06 14:44:39.724  INFO 7899 --- [main] org.apache.catalina.core.StandardEngine  : Starting Servlet engine: [Apache Tomcat/9.0.17]
2019-05-06 14:44:39.811  INFO 7899 --- [main] o.a.c.c.C.[Tomcat].[localhost].[/]       : Initializing Spring embedded WebApplicationContext
2019-05-06 14:44:39.812  INFO 7899 --- [main] o.s.web.context.ContextLoader            : Root WebApplicationContext: initialization completed in 937 ms
2019-05-06 14:44:40.006  INFO 7899 --- [main] o.s.s.concurrent.ThreadPoolTaskExecutor  : Initializing ExecutorService 'applicationTaskExecutor'
2019-05-06 14:44:40.147  INFO 7899 --- [main] o.s.b.w.embedded.tomcat.TomcatWebServer  : Tomcat started on port(s): 8080 (http) with context path ''
2019-05-06 14:44:40.150  INFO 7899 --- [main] c.x.d.MavenDockerJenkinsDemoApplication  : Started MavenDockerJenkinsDemoApplication in 1.652 seconds (JVM running for 2.13)
2019-05-06 14:44:51.829  INFO 7899 --- [http-nio-8080-exec-1] o.a.c.c.C.[Tomcat].[localhost].[/]       : Initializing Spring DispatcherServlet 'dispatcherServlet'
2019-05-06 14:44:51.829  INFO 7899 --- [http-nio-8080-exec-1] o.s.web.servlet.DispatcherServlet        : Initializing Servlet 'dispatcherServlet'
2019-05-06 14:44:51.836  INFO 7899 --- [http-nio-8080-exec-1] o.s.web.servlet.DispatcherServlet        : Completed initialization in 6 ms
2019-05-06 14:44:53.021  INFO 7899 --- [Thread-5] o.s.s.concurrent.ThreadPoolTaskExecutor  : Shutting down ExecutorService 'applicationTaskExecutor'
2019-05-06 14:53:07.549  INFO 8481 --- [main] d.MavenDockerJenkinsDemoApplicationTests : Starting MavenDockerJenkinsDemoApplicationTests on localhost with PID 8481 (started by TryXD in /Users/TryXD/code/try/maven-docker-jenkins-demo)
2019-05-06 14:53:07.551  INFO 8481 --- [main] d.MavenDockerJenkinsDemoApplicationTests : No active profile set, falling back to default profiles: default
2019-05-06 14:53:08.967  INFO 8481 --- [main] o.s.s.concurrent.ThreadPoolTaskExecutor  : Initializing ExecutorService 'applicationTaskExecutor'
2019-05-06 14:53:09.228  INFO 8481 --- [main] d.MavenDockerJenkinsDemoApplicationTests : Started MavenDockerJenkinsDemoApplicationTests in 1.964 seconds (JVM running for 2.803)
2019-05-06 14:53:09.430  INFO 8481 --- [Thread-2] o.s.s.concurrent.ThreadPoolTaskExecutor  : Shutting down ExecutorService 'applicationTaskExecutor'
2019-05-06 14:54:29.870  INFO 8678 --- [main] d.MavenDockerJenkinsDemoApplicationTests : Starting MavenDockerJenkinsDemoApplicationTests on localhost with PID 8678 (started by TryXD in /Users/TryXD/code/try/maven-docker-jenkins-demo)
2019-05-06 14:54:29.872  INFO 8678 --- [main] d.MavenDockerJenkinsDemoApplicationTests : No active profile set, falling back to default profiles: default
2019-05-06 14:54:31.091  INFO 8678 --- [main] o.s.s.concurrent.ThreadPoolTaskExecutor  : Initializing ExecutorService 'applicationTaskExecutor'
2019-05-06 14:54:31.311  INFO 8678 --- [main] d.MavenDockerJenkinsDemoApplicationTests : Started MavenDockerJenkinsDemoApplicationTests in 1.68 seconds (JVM running for 2.377)
2019-05-06 14:54:31.487  INFO 8678 --- [Thread-2] o.s.s.concurrent.ThreadPoolTaskExecutor  : Shutting down ExecutorService 'applicationTaskExecutor'
